<?xml version="1.0" encoding="UTF-8"?>
<!-- Generated by org.testng.reporters.JUnitReportReporter -->
<testsuite hostname="INPUNAKBHATT" failures="0" tests="2" name="TestCases.SignUpPageTest" time="9.118" errors="0" timestamp="2024-04-23T17:42:42 IST" skipped="0">
  <testcase classname="TestCases.SignUpPageTest" name="verifyButtonPresent" time="3.311"/>
  <system-out/>
  <testcase classname="TestCases.SignUpPageTest" name="verifySignUp" time="5.807"/>
  <system-out/>
</testsuite> <!-- TestCases.SignUpPageTest -->
