<?xml version="1.0" encoding="UTF-8"?>
<!-- Generated by org.testng.reporters.JUnitReportReporter -->
<testsuite hostname="INPUNAKBHATT" failures="0" tests="1" name="TestCases.LogoutTest" time="14.875" errors="0" timestamp="2024-04-23T17:42:42 IST" skipped="0">
  <testcase classname="TestCases.LogoutTest" name="verifyUserLogout" time="14.875"/>
  <system-out/>
</testsuite> <!-- TestCases.LogoutTest -->
