<?xml version="1.0" encoding="UTF-8"?>
<!-- Generated by org.testng.reporters.JUnitReportReporter -->
<testsuite hostname="INKOLSOUMBANERJ" failures="0" tests="3" name="TestCases.LoginPageTest" time="13.981" errors="0" timestamp="2024-04-25T23:41:04 IST" skipped="0">
  <testcase classname="TestCases.LoginPageTest" name="verifySignUpLoginLink" time="3.093"/>
  <system-out/>
  <testcase classname="TestCases.LoginPageTest" name="verifyLoginButton" time="5.314"/>
  <system-out/>
  <testcase classname="TestCases.LoginPageTest" name="verifyLogin" time="5.574"/>
  <system-out/>
</testsuite> <!-- TestCases.LoginPageTest -->
