<?xml version="1.0" encoding="UTF-8"?>
<!-- Generated by org.testng.reporters.JUnitReportReporter -->
<testsuite hostname="INPUNSHAGANDHI" failures="0" tests="3" name="TestCases.LoginPageTest" time="14.099" errors="0" timestamp="2024-04-30T14:40:14 IST" skipped="0">
  <testcase classname="TestCases.LoginPageTest" name="verifySignUpLoginLink" time="3.107"/>
  <system-out/>
  <testcase classname="TestCases.LoginPageTest" name="verifyLoginButton" time="5.231"/>
  <system-out/>
  <testcase classname="TestCases.LoginPageTest" name="verifyLogin" time="5.761"/>
  <system-out/>
</testsuite> <!-- TestCases.LoginPageTest -->
