<?xml version="1.0" encoding="UTF-8"?>
<!-- Generated by org.testng.reporters.JUnitReportReporter -->
<testsuite hostname="INPUNSHAGANDHI" failures="0" tests="2" name="TestCases.SignUpPageTest" time="8.770" errors="0" timestamp="2024-04-30T14:40:14 IST" skipped="0">
  <testcase classname="TestCases.SignUpPageTest" name="verifyButtonPresent" time="3.215"/>
  <system-out/>
  <testcase classname="TestCases.SignUpPageTest" name="verifySignUp" time="5.555"/>
  <system-out/>
</testsuite> <!-- TestCases.SignUpPageTest -->
