<?xml version="1.0" encoding="UTF-8"?>
<!-- Generated by org.testng.reporters.JUnitReportReporter -->
<testsuite hostname="INPUNAKBHATT" failures="0" tests="3" name="TestCases.LoginPageTest" time="13.490" errors="0" timestamp="2024-04-23T17:42:42 IST" skipped="0">
  <testcase classname="TestCases.LoginPageTest" name="verifySignUpLoginLink" time="3.047"/>
  <system-out/>
  <testcase classname="TestCases.LoginPageTest" name="verifyLoginButton" time="5.154"/>
  <system-out/>
  <testcase classname="TestCases.LoginPageTest" name="verifyLogin" time="5.289"/>
  <system-out/>
</testsuite> <!-- TestCases.LoginPageTest -->
