<?xml version="1.0" encoding="UTF-8"?>
<!-- Generated by org.testng.reporters.JUnitReportReporter -->
<testsuite hostname="INPUNSHAGANDHI" failures="0" tests="1" name="TestCases.LogoutTest" time="14.790" errors="0" timestamp="2024-04-30T14:40:14 IST" skipped="0">
  <testcase classname="TestCases.LogoutTest" name="verifyUserLogout" time="14.790"/>
  <system-out/>
</testsuite> <!-- TestCases.LogoutTest -->
