<?xml version="1.0" encoding="UTF-8"?>
<!-- Generated by org.testng.reporters.JUnitReportReporter -->
<testsuite hostname="INKOLSOUMBANERJ" failures="0" tests="2" name="TestCases.SignUpPageTest" time="11.675" errors="0" timestamp="2024-04-25T23:41:04 IST" skipped="0">
  <testcase classname="TestCases.SignUpPageTest" name="verifyButtonPresent" time="4.251"/>
  <system-out/>
  <testcase classname="TestCases.SignUpPageTest" name="verifySignUp" time="7.424"/>
  <system-out/>
</testsuite> <!-- TestCases.SignUpPageTest -->
